This is pdfTeX, Version 3.141592653-2.6-1.40.24 (TeX Live 2022) (preloaded format=pdflatex 2022.10.23)  4 DEC 2022 23:47
entering extended mode
 restricted \write18 enabled.
 file:line:error style messages enabled.
 %&-line parsing enabled.
**Customer_Segmentation_Clustering.tex
(./Customer_Segmentation_Clustering.tex
LaTeX2e <2021-11-15> patch level 1
L3 programming layer <2022-02-24>
(/usr/local/texlive/2022/texmf-dist/tex/latex/ieeetran/IEEEtran.cls
Document Class: IEEEtran 2015/08/26 V1.8b by Michael Shell
-- See the "IEEEtran_HOWTO" manual for usage information.
-- http://www.michaelshell.org/tex/ieeetran/
\@IEEEtrantmpdimenA=\dimen138
\@IEEEtrantmpdimenB=\dimen139
\@IEEEtrantmpdimenC=\dimen140
\@IEEEtrantmpcountA=\count185
\@IEEEtrantmpcountB=\count186
\@IEEEtrantmpcountC=\count187
\@IEEEtrantmptoksA=\toks16
LaTeX Font Info:    Trying to load font information for OT1+ptm on input line 5
03.
(/usr/local/texlive/2022/texmf-dist/tex/latex/psnfss/ot1ptm.fd
File: ot1ptm.fd 2001/06/04 font definitions for OT1/ptm.
)
-- Using 8.5in x 11in (letter) paper.
-- Using PDF output.
\@IEEEnormalsizeunitybaselineskip=\dimen141
-- This is a 10 point document.
\CLASSINFOnormalsizebaselineskip=\dimen142
\CLASSINFOnormalsizeunitybaselineskip=\dimen143
\IEEEnormaljot=\dimen144
LaTeX Font Info:    Font shape `OT1/ptm/bx/n' in size <5> not available
(Font)              Font shape `OT1/ptm/b/n' tried instead on input line 1090.
LaTeX Font Info:    Font shape `OT1/ptm/bx/it' in size <5> not available
(Font)              Font shape `OT1/ptm/b/it' tried instead on input line 1090.

LaTeX Font Info:    Font shape `OT1/ptm/bx/n' in size <7> not available
(Font)              Font shape `OT1/ptm/b/n' tried instead on input line 1090.
LaTeX Font Info:    Font shape `OT1/ptm/bx/it' in size <7> not available
(Font)              Font shape `OT1/ptm/b/it' tried instead on input line 1090.

LaTeX Font Info:    Font shape `OT1/ptm/bx/n' in size <8> not available
(Font)              Font shape `OT1/ptm/b/n' tried instead on input line 1090.
LaTeX Font Info:    Font shape `OT1/ptm/bx/it' in size <8> not available
(Font)              Font shape `OT1/ptm/b/it' tried instead on input line 1090.

LaTeX Font Info:    Font shape `OT1/ptm/bx/n' in size <9> not available
(Font)              Font shape `OT1/ptm/b/n' tried instead on input line 1090.
LaTeX Font Info:    Font shape `OT1/ptm/bx/it' in size <9> not available
(Font)              Font shape `OT1/ptm/b/it' tried instead on input line 1090.

LaTeX Font Info:    Font shape `OT1/ptm/bx/n' in size <10> not available
(Font)              Font shape `OT1/ptm/b/n' tried instead on input line 1090.
LaTeX Font Info:    Font shape `OT1/ptm/bx/it' in size <10> not available
(Font)              Font shape `OT1/ptm/b/it' tried instead on input line 1090.

LaTeX Font Info:    Font shape `OT1/ptm/bx/n' in size <11> not available
(Font)              Font shape `OT1/ptm/b/n' tried instead on input line 1090.
LaTeX Font Info:    Font shape `OT1/ptm/bx/it' in size <11> not available
(Font)              Font shape `OT1/ptm/b/it' tried instead on input line 1090.

LaTeX Font Info:    Font shape `OT1/ptm/bx/n' in size <12> not available
(Font)              Font shape `OT1/ptm/b/n' tried instead on input line 1090.
LaTeX Font Info:    Font shape `OT1/ptm/bx/it' in size <12> not available
(Font)              Font shape `OT1/ptm/b/it' tried instead on input line 1090.

LaTeX Font Info:    Font shape `OT1/ptm/bx/n' in size <17> not available
(Font)              Font shape `OT1/ptm/b/n' tried instead on input line 1090.
LaTeX Font Info:    Font shape `OT1/ptm/bx/it' in size <17> not available
(Font)              Font shape `OT1/ptm/b/it' tried instead on input line 1090.

LaTeX Font Info:    Font shape `OT1/ptm/bx/n' in size <20> not available
(Font)              Font shape `OT1/ptm/b/n' tried instead on input line 1090.
LaTeX Font Info:    Font shape `OT1/ptm/bx/it' in size <20> not available
(Font)              Font shape `OT1/ptm/b/it' tried instead on input line 1090.

LaTeX Font Info:    Font shape `OT1/ptm/bx/n' in size <24> not available
(Font)              Font shape `OT1/ptm/b/n' tried instead on input line 1090.
LaTeX Font Info:    Font shape `OT1/ptm/bx/it' in size <24> not available
(Font)              Font shape `OT1/ptm/b/it' tried instead on input line 1090.

\IEEEquantizedlength=\dimen145
\IEEEquantizedlengthdiff=\dimen146
\IEEEquantizedtextheightdiff=\dimen147
\IEEEilabelindentA=\dimen148
\IEEEilabelindentB=\dimen149
\IEEEilabelindent=\dimen150
\IEEEelabelindent=\dimen151
\IEEEdlabelindent=\dimen152
\IEEElabelindent=\dimen153
\IEEEiednormlabelsep=\dimen154
\IEEEiedmathlabelsep=\dimen155
\IEEEiedtopsep=\skip47
\c@section=\count188
\c@subsection=\count189
\c@subsubsection=\count190
\c@paragraph=\count191
\c@IEEEsubequation=\count192
\abovecaptionskip=\skip48
\belowcaptionskip=\skip49
\c@figure=\count193
\c@table=\count194
\@IEEEeqnnumcols=\count195
\@IEEEeqncolcnt=\count196
\@IEEEsubeqnnumrollback=\count197
\@IEEEquantizeheightA=\dimen156
\@IEEEquantizeheightB=\dimen157
\@IEEEquantizeheightC=\dimen158
\@IEEEquantizeprevdepth=\dimen159
\@IEEEquantizemultiple=\count198
\@IEEEquantizeboxA=\box50
\@IEEEtmpitemindent=\dimen160
\IEEEPARstartletwidth=\dimen161
\c@IEEEbiography=\count199
\@IEEEtranrubishbin=\box51
) (/usr/local/texlive/2022/texmf-dist/tex/latex/graphics/graphicx.sty
Package: graphicx 2021/09/16 v1.2d Enhanced LaTeX Graphics (DPC,SPQR)

(/usr/local/texlive/2022/texmf-dist/tex/latex/graphics/keyval.sty
Package: keyval 2014/10/28 v1.15 key=value parser (DPC)
\KV@toks@=\toks17
)
(/usr/local/texlive/2022/texmf-dist/tex/latex/graphics/graphics.sty
Package: graphics 2021/03/04 v1.4d Standard LaTeX Graphics (DPC,SPQR)

(/usr/local/texlive/2022/texmf-dist/tex/latex/graphics/trig.sty
Package: trig 2021/08/11 v1.11 sin cos tan (DPC)
)
(/usr/local/texlive/2022/texmf-dist/tex/latex/graphics-cfg/graphics.cfg
File: graphics.cfg 2016/06/04 v1.11 sample graphics configuration
)
Package graphics Info: Driver file: pdftex.def on input line 107.

(/usr/local/texlive/2022/texmf-dist/tex/latex/graphics-def/pdftex.def
File: pdftex.def 2020/10/05 v1.2a Graphics/color driver for pdftex
))
\Gin@req@height=\dimen162
\Gin@req@width=\dimen163
)
(/usr/local/texlive/2022/texmf-dist/tex/latex/booktabs/booktabs.sty
Package: booktabs 2020/01/12 v1.61803398 Publication quality tables
\heavyrulewidth=\dimen164
\lightrulewidth=\dimen165
\cmidrulewidth=\dimen166
\belowrulesep=\dimen167
\belowbottomsep=\dimen168
\aboverulesep=\dimen169
\abovetopsep=\dimen170
\cmidrulesep=\dimen171
\cmidrulekern=\dimen172
\defaultaddspace=\dimen173
\@cmidla=\count266
\@cmidlb=\count267
\@aboverulesep=\dimen174
\@belowrulesep=\dimen175
\@thisruleclass=\count268
\@lastruleclass=\count269
\@thisrulewidth=\dimen176
)
** ATTENTION: Overriding command lockouts (line 5).
(/usr/local/texlive/2022/texmf-dist/tex/latex/l3backend/l3backend-pdftex.def
File: l3backend-pdftex.def 2022-02-07 L3 backend support: PDF output (pdfTeX)
\l__color_backend_stack_int=\count270
\l__pdf_internal_box=\box52
)
(./Customer_Segmentation_Clustering.aux)
\openout1 = `Customer_Segmentation_Clustering.aux'.

LaTeX Font Info:    Checking defaults for OML/cmm/m/it on input line 9.
LaTeX Font Info:    ... okay on input line 9.
LaTeX Font Info:    Checking defaults for OMS/cmsy/m/n on input line 9.
LaTeX Font Info:    ... okay on input line 9.
LaTeX Font Info:    Checking defaults for OT1/cmr/m/n on input line 9.
LaTeX Font Info:    ... okay on input line 9.
LaTeX Font Info:    Checking defaults for T1/cmr/m/n on input line 9.
LaTeX Font Info:    ... okay on input line 9.
LaTeX Font Info:    Checking defaults for TS1/cmr/m/n on input line 9.
LaTeX Font Info:    ... okay on input line 9.
LaTeX Font Info:    Checking defaults for OMX/cmex/m/n on input line 9.
LaTeX Font Info:    ... okay on input line 9.
LaTeX Font Info:    Checking defaults for U/cmr/m/n on input line 9.
LaTeX Font Info:    ... okay on input line 9.

-- Lines per column: 56 (exact).
(/usr/local/texlive/2022/texmf-dist/tex/context/base/mkii/supp-pdf.mkii
[Loading MPS to PDF converter (version 2006.09.02).]
\scratchcounter=\count271
\scratchdimen=\dimen177
\scratchbox=\box53
\nofMPsegments=\count272
\nofMParguments=\count273
\everyMPshowfont=\toks18
\MPscratchCnt=\count274
\MPscratchDim=\dimen178
\MPnumerator=\count275
\makeMPintoPDFobject=\count276
\everyMPtoPDFconversion=\toks19
) (/usr/local/texlive/2022/texmf-dist/tex/latex/epstopdf-pkg/epstopdf-base.sty
Package: epstopdf-base 2020-01-24 v2.11 Base part for package epstopdf
Package epstopdf-base Info: Redefining graphics rule for `.eps' on input line 4
85.

(/usr/local/texlive/2022/texmf-dist/tex/latex/latexconfig/epstopdf-sys.cfg
File: epstopdf-sys.cfg 2010/07/13 v1.3 Configuration of (r)epstopdf for TeX Liv
e
))
LaTeX Font Info:    External font `cmex10' loaded for size
(Font)              <8> on input line 43.
LaTeX Font Info:    External font `cmex10' loaded for size
(Font)              <6> on input line 43.
LaTeX Font Info:    External font `cmex10' loaded for size
(Font)              <5> on input line 43.

[1{/usr/local/texlive/2022/texmf-var/fonts/map/pdftex/updmap/pdftex.map}


]
[2]
Underfull \hbox (badness 1803) in paragraph at lines 81--82
[]\OT1/ptm/m/n/10 Gaurav Mishra, Sra-ban Ku-mar Mo-hanty (2019) [[]].
 []

LaTeX Info: Symbol \textasciidieresis not provided by
            font family ptm in TS1 encoding.
            Default family used instead on input line 85.
[3]
<images//sample.jpg, id=17, 1593.955pt x 487.8225pt>
File: images//sample.jpg Graphic file (type jpg)
<use images//sample.jpg>
Package pdftex.def Info: images//sample.jpg  used on input line 113.
(pdftex.def)             Requested size: 252.0pt x 77.12274pt.


LaTeX Warning: No positions in optional float specifier.
               Default added (so using `tbp') on input line 118.

LaTeX Font Info:    External font `cmex10' loaded for size
(Font)              <7> on input line 164.
[4 <./images//sample.jpg>]
<images//libs.jpg, id=28, 839.135pt x 652.4375pt>
File: images//libs.jpg Graphic file (type jpg)
<use images//libs.jpg>
Package pdftex.def Info: images//libs.jpg  used on input line 193.
(pdftex.def)             Requested size: 170.71652pt x 132.73509pt.
<images//cntry_dist.jpg, id=29, 1571.8725pt x 909.3975pt>
File: images//cntry_dist.jpg Graphic file (type jpg)
<use images//cntry_dist.jpg>
Package pdftex.def Info: images//cntry_dist.jpg  used on input line 201.
(pdftex.def)             Requested size: 256.0748pt x 148.14307pt.

Overfull \hbox (4.0748pt too wide) in paragraph at lines 201--202
 [][] 
 []


LaTeX Warning: `h' float specifier changed to `ht'.

<images//year_dist.jpg, id=30, 1425.325pt x 927.465pt>
File: images//year_dist.jpg Graphic file (type jpg)
<use images//year_dist.jpg>
Package pdftex.def Info: images//year_dist.jpg  used on input line 207.
(pdftex.def)             Requested size: 256.0748pt x 166.62515pt.

Overfull \hbox (4.0748pt too wide) in paragraph at lines 207--208
 [][] 
 []


LaTeX Warning: `h' float specifier changed to `ht'.

<images//month_dist.jpg, id=31, 1433.355pt x 1015.795pt>
File: images//month_dist.jpg Graphic file (type jpg)
<use images//month_dist.jpg>
Package pdftex.def Info: images//month_dist.jpg  used on input line 213.
(pdftex.def)             Requested size: 256.0748pt x 181.47122pt.

Overfull \hbox (4.0748pt too wide) in paragraph at lines 213--214
 [][] 
 []


LaTeX Warning: `h' float specifier changed to `ht'.

<images//week_dist.jpg, id=32, 1405.25pt x 919.435pt>
File: images//week_dist.jpg Graphic file (type jpg)
<use images//week_dist.jpg>
Package pdftex.def Info: images//week_dist.jpg  used on input line 219.
(pdftex.def)             Requested size: 256.0748pt x 167.53944pt.

Overfull \hbox (4.0748pt too wide) in paragraph at lines 219--220
 [][] 
 []


LaTeX Warning: `h' float specifier changed to `ht'.

[5 <./images//libs.jpg>]
<images//elbow.jpg, id=37, 1196.47pt x 899.36pt>
File: images//elbow.jpg Graphic file (type jpg)
<use images//elbow.jpg>
Package pdftex.def Info: images//elbow.jpg  used on input line 231.
(pdftex.def)             Requested size: 256.0748pt x 192.48035pt.

Overfull \hbox (4.0748pt too wide) in paragraph at lines 231--232
 [][] 
 []


LaTeX Warning: `h' float specifier changed to `ht'.

<images//km.jpg, id=38, 1088.065pt x 831.105pt>
File: images//km.jpg Graphic file (type jpg)
<use images//km.jpg>
Package pdftex.def Info: images//km.jpg  used on input line 237.
(pdftex.def)             Requested size: 256.0748pt x 195.60138pt.

Overfull \hbox (4.0748pt too wide) in paragraph at lines 237--238
 [][] 
 []


LaTeX Warning: `h' float specifier changed to `ht'.

<images//db.png, id=39, 426.59375pt x 381.425pt>
File: images//db.png Graphic file (type png)
<use images//db.png>
Package pdftex.def Info: images//db.png  used on input line 245.
(pdftex.def)             Requested size: 256.0748pt x 228.97316pt.

Overfull \hbox (4.0748pt too wide) in paragraph at lines 245--246
 [][] 
 []


LaTeX Warning: `h' float specifier changed to `ht'.

<images//results.jpg, id=41, 1124.2pt x 877.2775pt>
File: images//results.jpg Graphic file (type jpg)
<use images//results.jpg>
Package pdftex.def Info: images//results.jpg  used on input line 251.
(pdftex.def)             Requested size: 256.0748pt x 199.82858pt.

Overfull \hbox (4.0748pt too wide) in paragraph at lines 251--252
 [][] 
 []


LaTeX Warning: `h' float specifier changed to `ht'.

[6 <./images//cntry_dist.jpg> <./images//year_dist.jpg> <./images//month_dist.j
pg> <./images//week_dist.jpg>] [7 <./images//elbow.jpg> <./images//km.jpg> <./i
mages//db.png> <./images//results.jpg>]

** Conference Paper **
Before submitting the final camera ready copy, remember to:

 1. Manually equalize the lengths of two columns on the last page
 of your paper;

 2. Ensure that any PostScript and/or PDF output post-processing
 uses only Type 1 fonts and that every step in the generation
 process uses the appropriate paper size.

[8

] (./Customer_Segmentation_Clustering.aux) ) 
Here is how much of TeX's memory you used:
 2327 strings out of 478268
 42038 string characters out of 5846346
 352193 words of memory out of 5000000
 20552 multiletter control sequences out of 15000+600000
 505229 words of font info for 88 fonts, out of 8000000 for 9000
 1141 hyphenation exceptions out of 8191
 55i,10n,62p,1437b,273s stack positions out of 10000i,1000n,20000p,200000b,200000s
{/usr/local/texlive/2022/texmf-dist
/fonts/enc/dvips/cm-super/cm-super-ts1.enc}{/usr/local/texlive/2022/texmf-dist/
fonts/enc/dvips/base/8r.enc}</usr/local/texlive/2022/texmf-dist/fonts/type1/pub
lic/amsfonts/cm/cmex10.pfb></usr/local/texlive/2022/texmf-dist/fonts/type1/publ
ic/amsfonts/cm/cmmi10.pfb></usr/local/texlive/2022/texmf-dist/fonts/type1/publi
c/amsfonts/cm/cmmi5.pfb></usr/local/texlive/2022/texmf-dist/fonts/type1/public/
amsfonts/cm/cmmi7.pfb></usr/local/texlive/2022/texmf-dist/fonts/type1/public/am
sfonts/cm/cmr10.pfb></usr/local/texlive/2022/texmf-dist/fonts/type1/public/amsf
onts/cm/cmr7.pfb></usr/local/texlive/2022/texmf-dist/fonts/type1/public/amsfont
s/cm/cmsy10.pfb></usr/local/texlive/2022/texmf-dist/fonts/type1/public/amsfonts
/cm/cmsy7.pfb></usr/local/texlive/2022/texmf-dist/fonts/type1/public/cm-super/s
frm1000.pfb></usr/local/texlive/2022/texmf-dist/fonts/type1/urw/times/utmb8a.pf
b></usr/local/texlive/2022/texmf-dist/fonts/type1/urw/times/utmbi8a.pfb></usr/l
ocal/texlive/2022/texmf-dist/fonts/type1/urw/times/utmr8a.pfb></usr/local/texli
ve/2022/texmf-dist/fonts/type1/urw/times/utmri8a.pfb>
Output written on Customer_Segmentation_Clustering.pdf (8 pages, 1272024 bytes)
.
PDF statistics:
 110 PDF objects out of 1000 (max. 8388607)
 62 compressed objects within 1 object stream
 0 named destinations out of 1000 (max. 500000)
 51 words of extra memory for PDF output out of 10000 (max. 10000000)

